<?xml version="1.0" encoding="UTF-8"?>
<!-- Generated by org.testng.reporters.JUnitReportReporter -->
<testsuite hostname="LAPTOP-1MH2DF3H" name="tests.TC01_Login" tests="2" failures="0" timestamp="13 Aug 2017 06:29:05 GMT" time="89.622" errors="0">
  <testcase name="loginLogout" time="47.488" classname="tests.TC01_Login"/>
  <testcase name="loginLogout" time="42.134" classname="tests.TC01_Login"/>
</testsuite> <!-- tests.TC01_Login -->
