<?xml version="1.0" encoding="UTF-8"?>
<!-- Generated by org.testng.reporters.JUnitReportReporter -->
<testsuite hostname="LAPTOP-1MH2DF3H" name="tests.TC01_CreateLead" tests="1" failures="0" timestamp="16 Aug 2017 16:45:35 GMT" time="30.039" errors="0">
  <testcase name="createlead" time="30.039" classname="tests.TC01_CreateLead"/>
</testsuite> <!-- tests.TC01_CreateLead -->
