<?xml version="1.0" encoding="UTF-8"?>
<!-- Generated by org.testng.reporters.JUnitReportReporter -->
<testsuite hostname="LAPTOP-1MH2DF3H" name="tests.TC05_CloseIncident" tests="1" failures="0" timestamp="15 Aug 2017 05:27:32 GMT" time="45.664" errors="0">
  <testcase name="createinci" time="45.664" classname="tests.TC05_CloseIncident"/>
</testsuite> <!-- tests.TC05_CloseIncident -->
