<?xml version="1.0" encoding="UTF-8"?>
<!-- Generated by org.testng.reporters.JUnitReportReporter -->
<testsuite hostname="LAPTOP-1MH2DF3H" name="tests.TC03_AssignIncident" tests="1" failures="0" timestamp="14 Aug 2017 16:31:31 GMT" time="110.138" errors="0">
  <testcase name="createinci" time="110.138" classname="tests.TC03_AssignIncident"/>
</testsuite> <!-- tests.TC03_AssignIncident -->
