<?xml version="1.0" encoding="UTF-8"?>
<!-- Generated by org.testng.reporters.JUnitReportReporter -->
<testsuite hostname="LAPTOP-1MH2DF3H" name="tests.TC02_CreateIncident" tests="2" failures="0" timestamp="13 Aug 2017 08:27:31 GMT" time="110.048" errors="0">
  <testcase name="createinci" time="60.349" classname="tests.TC02_CreateIncident"/>
  <testcase name="createinci" time="49.699" classname="tests.TC02_CreateIncident"/>
</testsuite> <!-- tests.TC02_CreateIncident -->
